<?xml version="1.0" encoding="UTF-8"?>
<!-- Generated by org.testng.reporters.JUnitReportReporter -->
<testsuite skipped="0" hostname="ATMECSINLT-085" name="com.saucelabs.automation.testscripts.Home" tests="1" failures="0" timestamp="15 Oct 2019 14:18:41 GMT" time="8.062" errors="0">
  <testcase name="pricingMethod" time="8.062" classname="com.saucelabs.automation.testscripts.Home"/>
</testsuite> <!-- com.saucelabs.automation.testscripts.Home -->
